-------------------------------------------------------------------------------
Test set: com.example.Caja_De_Herramientas.Cola.ColaPrioridadTest
-------------------------------------------------------------------------------
Tests run: 40, Failures: 12, Errors: 0, Skipped: 0, Time elapsed: 0.043 s <<< FAILURE! - in com.example.Caja_De_Herramientas.Cola.ColaPrioridadTest
testObtener(com.example.Caja_De_Herramientas.Cola.ColaPrioridadTest)  Time elapsed: 0.009 s  <<< FAILURE!
org.junit.ComparisonFailure: expected:<[A]> but was:<[C]>
	at com.example.Caja_De_Herramientas.Cola.ColaPrioridadTest.testObtener(ColaPrioridadTest.java:225)

testQuitaDeCola(com.example.Caja_De_Herramientas.Cola.ColaPrioridadTest)  Time elapsed: 0.001 s  <<< FAILURE!
org.junit.ComparisonFailure: expected:<[A]> but was:<[B]>
	at com.example.Caja_De_Herramientas.Cola.ColaPrioridadTest.testQuitaDeCola(ColaPrioridadTest.java:103)

testQuitarElemento(com.example.Caja_De_Herramientas.Cola.ColaPrioridadTest)  Time elapsed: 0 s  <<< FAILURE!
org.junit.ComparisonFailure: expected:<[A]> but was:<[C]>
	at com.example.Caja_De_Herramientas.Cola.ColaPrioridadTest.testQuitarElemento(ColaPrioridadTest.java:292)

testQuitarIndiceCero(com.example.Caja_De_Herramientas.Cola.ColaPrioridadTest)  Time elapsed: 0.001 s  <<< FAILURE!
org.junit.ComparisonFailure: expected:<[A]> but was:<[B]>
	at com.example.Caja_De_Herramientas.Cola.ColaPrioridadTest.testQuitarIndiceCero(ColaPrioridadTest.java:352)

testOrdenCompletoPorPrioridad(com.example.Caja_De_Herramientas.Cola.ColaPrioridadTest)  Time elapsed: 0.001 s  <<< FAILURE!
org.junit.ComparisonFailure: expected:<[B]> but was:<[A]>
	at com.example.Caja_De_Herramientas.Cola.ColaPrioridadTest.testOrdenCompletoPorPrioridad(ColaPrioridadTest.java:68)

testRemoverPorIndice(com.example.Caja_De_Herramientas.Cola.ColaPrioridadTest)  Time elapsed: 0.004 s  <<< FAILURE!
org.junit.ComparisonFailure: expected:<[B]> but was:<[A]>
	at com.example.Caja_De_Herramientas.Cola.ColaPrioridadTest.testRemoverPorIndice(ColaPrioridadTest.java:392)

testQuitarPorIndice(com.example.Caja_De_Herramientas.Cola.ColaPrioridadTest)  Time elapsed: 0 s  <<< FAILURE!
org.junit.ComparisonFailure: expected:<[A]> but was:<[C]>
	at com.example.Caja_De_Herramientas.Cola.ColaPrioridadTest.testQuitarPorIndice(ColaPrioridadTest.java:341)

testMayorPrioridadQuedaPrimero(com.example.Caja_De_Herramientas.Cola.ColaPrioridadTest)  Time elapsed: 0 s  <<< FAILURE!
org.junit.ComparisonFailure: expected:<[Alt]a> but was:<[Baj]a>
	at com.example.Caja_De_Herramientas.Cola.ColaPrioridadTest.testMayorPrioridadQuedaPrimero(ColaPrioridadTest.java:52)

testPoneEnColaSinPrioridadUsaPrioridadCero(com.example.Caja_De_Herramientas.Cola.ColaPrioridadTest)  Time elapsed: 0.001 s  <<< FAILURE!
org.junit.ComparisonFailure: expected:<[Urgente]> but was:<[Normal]>
	at com.example.Caja_De_Herramientas.Cola.ColaPrioridadTest.testPoneEnColaSinPrioridadUsaPrioridadCero(ColaPrioridadTest.java:136)

testAgregarUsaPrioridadCero(com.example.Caja_De_Herramientas.Cola.ColaPrioridadTest)  Time elapsed: 0.001 s  <<< FAILURE!
org.junit.ComparisonFailure: expected:<[B]> but was:<[A]>
	at com.example.Caja_De_Herramientas.Cola.ColaPrioridadTest.testAgregarUsaPrioridadCero(ColaPrioridadTest.java:147)

testIndiceDe(com.example.Caja_De_Herramientas.Cola.ColaPrioridadTest)  Time elapsed: 0 s  <<< FAILURE!
java.lang.AssertionError: expected:<0> but was:<2>
	at com.example.Caja_De_Herramientas.Cola.ColaPrioridadTest.testIndiceDe(ColaPrioridadTest.java:203)

testBuscar(com.example.Caja_De_Herramientas.Cola.ColaPrioridadTest)  Time elapsed: 0.001 s  <<< FAILURE!
java.lang.AssertionError: expected:<50> but was:<30>
	at com.example.Caja_De_Herramientas.Cola.ColaPrioridadTest.testBuscar(ColaPrioridadTest.java:256)

