<?xml version="1.0" encoding="UTF-8"?>
<testsuite xmlns:xsi="http://www.w3.org/2001/XMLSchema-instance" xsi:noNamespaceSchemaLocation="https://maven.apache.org/surefire/maven-surefire-plugin/xsd/surefire-test-report.xsd" name="com.example.Caja_De_Herramientas.Cola.ColaPrioridadTest" time="0.043" tests="40" errors="0" skipped="0" failures="12">
  <properties>
[...]
</properties>
  <testcase name="testObtener" classname="com.example.Caja_De_Herramientas.Cola.ColaPrioridadTest" time="0.009">
    <failure message="expected:&lt;[A]&gt; but was:&lt;[C]&gt;" type="org.junit.ComparisonFailure"><![CDATA[org.junit.ComparisonFailure: expected:<[A]> but was:<[C]>
	at com.example.Caja_De_Herramientas.Cola.ColaPrioridadTest.testObtener(ColaPrioridadTest.java:225)
]]></failure>
  </testcase>
  <testcase name="testObtenerIndiceMayorAlTamano" classname="com.example.Caja_De_Herramientas.Cola.ColaPrioridadTest" time="0.004"/>
  <testcase name="testEliminarElementoInexistente" classname="com.example.Caja_De_Herramientas.Cola.ColaPrioridadTest" time="0"/>
  <testcase name="testEliminarElemento" classname="com.example.Caja_De_Herramientas.Cola.ColaPrioridadTest" time="0"/>
  <testcase name="testQuitarPorIndiceConElementosDuplicados" classname="com.example.Caja_De_Herramientas.Cola.ColaPrioridadTest" time="0"/>
  <testcase name="testQuitaDeCola" classname="com.example.Caja_De_Herramientas.Cola.ColaPrioridadTest" time="0.001">
    <failure message="expected:&lt;[A]&gt; but was:&lt;[B]&gt;" type="org.junit.ComparisonFailure"><![CDATA[org.junit.ComparisonFailure: expected:<[A]> but was:<[B]>
	at com.example.Caja_De_Herramientas.Cola.ColaPrioridadTest.testQuitaDeCola(ColaPrioridadTest.java:103)
]]></failure>
  </testcase>
  <testcase name="testQuitarElemento" classname="com.example.Caja_De_Herramientas.Cola.ColaPrioridadTest" time="0">
    <failure message="expected:&lt;[A]&gt; but was:&lt;[C]&gt;" type="org.junit.ComparisonFailure"><![CDATA[org.junit.ComparisonFailure: expected:<[A]> but was:<[C]>
	at com.example.Caja_De_Herramientas.Cola.ColaPrioridadTest.testQuitarElemento(ColaPrioridadTest.java:292)
]]></failure>
  </testcase>
  <testcase name="testQuitarIndiceInvalido" classname="com.example.Caja_De_Herramientas.Cola.ColaPrioridadTest" time="0"/>
  <testcase name="testQuitarIndiceCero" classname="com.example.Caja_De_Herramientas.Cola.ColaPrioridadTest" time="0.001">
    <failure message="expected:&lt;[A]&gt; but was:&lt;[B]&gt;" type="org.junit.ComparisonFailure"><![CDATA[org.junit.ComparisonFailure: expected:<[A]> but was:<[B]>
	at com.example.Caja_De_Herramientas.Cola.ColaPrioridadTest.testQuitarIndiceCero(ColaPrioridadTest.java:352)
]]></failure>
  </testcase>
  <testcase name="testAgregarNullLanzaExcepcion" classname="com.example.Caja_De_Herramientas.Cola.ColaPrioridadTest" time="0"/>
  <testcase name="testAnula" classname="com.example.Caja_De_Herramientas.Cola.ColaPrioridadTest" time="0"/>
  <testcase name="testQuitarTodosLosElementosDejaColaVacia" classname="com.example.Caja_De_Herramientas.Cola.ColaPrioridadTest" time="0"/>
  <testcase name="testObtenerIndiceNegativo" classname="com.example.Caja_De_Herramientas.Cola.ColaPrioridadTest" time="0"/>
  <testcase name="testBuscarSinResultadoDevuelveNull" classname="com.example.Caja_De_Herramientas.Cola.ColaPrioridadTest" time="0.003"/>
  <testcase name="testOrdenCompletoPorPrioridad" classname="com.example.Caja_De_Herramientas.Cola.ColaPrioridadTest" time="0.001">
    <failure message="expected:&lt;[B]&gt; but was:&lt;[A]&gt;" type="org.junit.ComparisonFailure"><![CDATA[org.junit.ComparisonFailure: expected:<[B]> but was:<[A]>
	at com.example.Caja_De_Herramientas.Cola.ColaPrioridadTest.testOrdenCompletoPorPrioridad(ColaPrioridadTest.java:68)
]]></failure>
  </testcase>
  <testcase name="testRemoverPorIndice" classname="com.example.Caja_De_Herramientas.Cola.ColaPrioridadTest" time="0.004">
    <failure message="expected:&lt;[B]&gt; but was:&lt;[A]&gt;" type="org.junit.ComparisonFailure"><![CDATA[org.junit.ComparisonFailure: expected:<[B]> but was:<[A]>
	at com.example.Caja_De_Herramientas.Cola.ColaPrioridadTest.testRemoverPorIndice(ColaPrioridadTest.java:392)
]]></failure>
  </testcase>
  <testcase name="testQuitarPorIndice" classname="com.example.Caja_De_Herramientas.Cola.ColaPrioridadTest" time="0">
    <failure message="expected:&lt;[A]&gt; but was:&lt;[C]&gt;" type="org.junit.ComparisonFailure"><![CDATA[org.junit.ComparisonFailure: expected:<[A]> but was:<[C]>
	at com.example.Caja_De_Herramientas.Cola.ColaPrioridadTest.testQuitarPorIndice(ColaPrioridadTest.java:341)
]]></failure>
  </testcase>
  <testcase name="testPoneEnColaUnElemento" classname="com.example.Caja_De_Herramientas.Cola.ColaPrioridadTest" time="0"/>
  <testcase name="testBuscarConCriterioNullDevuelveNull" classname="com.example.Caja_De_Herramientas.Cola.ColaPrioridadTest" time="0.001"/>
  <testcase name="testFrenteColaVaciaLanzaExcepcion" classname="com.example.Caja_De_Herramientas.Cola.ColaPrioridadTest" time="0"/>
  <testcase name="testMayorPrioridadQuedaPrimero" classname="com.example.Caja_De_Herramientas.Cola.ColaPrioridadTest" time="0">
    <failure message="expected:&lt;[Alt]a&gt; but was:&lt;[Baj]a&gt;" type="org.junit.ComparisonFailure"><![CDATA[org.junit.ComparisonFailure: expected:<[Alt]a> but was:<[Baj]a>
	at com.example.Caja_De_Herramientas.Cola.ColaPrioridadTest.testMayorPrioridadQuedaPrimero(ColaPrioridadTest.java:52)
]]></failure>
  </testcase>
  <testcase name="testOrdenarTotalNoPermitido" classname="com.example.Caja_De_Herramientas.Cola.ColaPrioridadTest" time="0"/>
  <testcase name="testContiene" classname="com.example.Caja_De_Herramientas.Cola.ColaPrioridadTest" time="0"/>
  <testcase name="testPoneEnColaNullDevuelveFalse" classname="com.example.Caja_De_Herramientas.Cola.ColaPrioridadTest" time="0.001"/>
  <testcase name="testPoneEnColaSinPrioridadUsaPrioridadCero" classname="com.example.Caja_De_Herramientas.Cola.ColaPrioridadTest" time="0.001">
    <failure message="expected:&lt;[Urgente]&gt; but was:&lt;[Normal]&gt;" type="org.junit.ComparisonFailure"><![CDATA[org.junit.ComparisonFailure: expected:<[Urgente]> but was:<[Normal]>
	at com.example.Caja_De_Herramientas.Cola.ColaPrioridadTest.testPoneEnColaSinPrioridadUsaPrioridadCero(ColaPrioridadTest.java:136)
]]></failure>
  </testcase>
  <testcase name="testOrdenarNoPermitido" classname="com.example.Caja_De_Herramientas.Cola.ColaPrioridadTest" time="0"/>
  <testcase name="testRemoverPorElemento" classname="com.example.Caja_De_Herramientas.Cola.ColaPrioridadTest" time="0.001"/>
  <testcase name="testColaNuevaEstaVacia" classname="com.example.Caja_De_Herramientas.Cola.ColaPrioridadTest" time="0"/>
  <testcase name="testInvertirNoPermitido" classname="com.example.Caja_De_Herramientas.Cola.ColaPrioridadTest" time="0"/>
  <testcase name="testAgregarUsaPrioridadCero" classname="com.example.Caja_De_Herramientas.Cola.ColaPrioridadTest" time="0.001">
    <failure message="expected:&lt;[B]&gt; but was:&lt;[A]&gt;" type="org.junit.ComparisonFailure"><![CDATA[org.junit.ComparisonFailure: expected:<[B]> but was:<[A]>
	at com.example.Caja_De_Herramientas.Cola.ColaPrioridadTest.testAgregarUsaPrioridadCero(ColaPrioridadTest.java:147)
]]></failure>
  </testcase>
  <testcase name="testIndiceDe" classname="com.example.Caja_De_Herramientas.Cola.ColaPrioridadTest" time="0">
    <failure message="expected:&lt;0&gt; but was:&lt;2&gt;" type="java.lang.AssertionError"><![CDATA[java.lang.AssertionError: expected:<0> but was:<2>
	at com.example.Caja_De_Herramientas.Cola.ColaPrioridadTest.testIndiceDe(ColaPrioridadTest.java:203)
]]></failure>
  </testcase>
  <testcase name="testBuscar" classname="com.example.Caja_De_Herramientas.Cola.ColaPrioridadTest" time="0.001">
    <failure message="expected:&lt;50&gt; but was:&lt;30&gt;" type="java.lang.AssertionError"><![CDATA[java.lang.AssertionError: expected:<50> but was:<30>
	at com.example.Caja_De_Herramientas.Cola.ColaPrioridadTest.testBuscar(ColaPrioridadTest.java:256)
]]></failure>
  </testcase>
  <testcase name="testQuitaDeColaVaciaLanzaExcepcion" classname="com.example.Caja_De_Herramientas.Cola.ColaPrioridadTest" time="0"/>
  <testcase name="testIndiceDeElementoInexistente" classname="com.example.Caja_De_Herramientas.Cola.ColaPrioridadTest" time="0.001"/>
  <testcase name="testMismaPrioridadMantieneFIFO" classname="com.example.Caja_De_Herramientas.Cola.ColaPrioridadTest" time="0"/>
  <testcase name="testAgregarPorIndiceNoPermitido" classname="com.example.Caja_De_Herramientas.Cola.ColaPrioridadTest" time="0"/>
  <testcase name="testQuitarElementoInexistenteDevuelveNull" classname="com.example.Caja_De_Herramientas.Cola.ColaPrioridadTest" time="0"/>
  <testcase name="testTamano" classname="com.example.Caja_De_Herramientas.Cola.ColaPrioridadTest" time="0"/>
  <testcase name="testVaciar" classname="com.example.Caja_De_Herramientas.Cola.ColaPrioridadTest" time="0"/>
  <testcase name="testContieneNullDevuelveFalse" classname="com.example.Caja_De_Herramientas.Cola.ColaPrioridadTest" time="0.001"/>
</testsuite>