<?xml version="1.0" encoding="UTF-8"?>
<testsuite xmlns:xsi="http://www.w3.org/2001/XMLSchema-instance" xsi:noNamespaceSchemaLocation="https://maven.apache.org/surefire/maven-surefire-plugin/xsd/surefire-test-report.xsd" name="com.example.Caja_De_Herramientas.Pila.PilaTest" time="0.001" tests="13" errors="0" skipped="0" failures="0">
  <properties>
[...]
</properties>
  <testcase name="testTopeDevuelveUltimoElementoAgregado" classname="com.example.Caja_De_Herramientas.Pila.PilaTest" time="0"/>
  <testcase name="testPilaQuedaVaciaDespuesDeSacarTodo" classname="com.example.Caja_De_Herramientas.Pila.PilaTest" time="0"/>
  <testcase name="testSacaElemento" classname="com.example.Caja_De_Herramientas.Pila.PilaTest" time="0"/>
  <testcase name="testIndiceDeHeredadoDeListaEnlazada" classname="com.example.Caja_De_Herramientas.Pila.PilaTest" time="0"/>
  <testcase name="testTopeNoEliminaElemento" classname="com.example.Caja_De_Herramientas.Pila.PilaTest" time="0"/>
  <testcase name="testOrdenLIFO" classname="com.example.Caja_De_Herramientas.Pila.PilaTest" time="0"/>
  <testcase name="testTopePilaVaciaLanzaExcepcion" classname="com.example.Caja_De_Herramientas.Pila.PilaTest" time="0"/>
  <testcase name="testSacaPilaVaciaLanzaExcepcion" classname="com.example.Caja_De_Herramientas.Pila.PilaTest" time="0"/>
  <testcase name="testPilaNuevaEstaVacia" classname="com.example.Caja_De_Herramientas.Pila.PilaTest" time="0"/>
  <testcase name="testMeteNullLanzaExcepcion" classname="com.example.Caja_De_Herramientas.Pila.PilaTest" time="0"/>
  <testcase name="testContieneHeredadoDeListaEnlazada" classname="com.example.Caja_De_Herramientas.Pila.PilaTest" time="0"/>
  <testcase name="testVaciar" classname="com.example.Caja_De_Herramientas.Pila.PilaTest" time="0"/>
  <testcase name="testMeteElemento" classname="com.example.Caja_De_Herramientas.Pila.PilaTest" time="0"/>
</testsuite>